[    4225ms] [ERROR] Warning: Encountered two children with the same key, `%s`. Keys should be unique so that components maintain their identity across updates. Non-unique keys may cause children to be duplicated and/or omitted — the behavior is unsupported and could change in a future version.%s T 
    at div
    at div
    at Calendar (webpack-internal:///(app-pages-browser)/./components/Calendar.tsx:10:11)
    at section
    at div
    at main
    at HomePage (webpack-internal:///(app-pages-browser)/./app/page.tsx:28:78)
    at ClientPageRoot (webpack-internal:///(app-pages-browser)/./node_modules/next/dist/client/components/client-page.js:14:11)
    at InnerLayoutRouter (webpack-internal:///(app-pages-browser)/./node_modules/next/dist/client/components/layout-router.js:243:11)
    at RedirectErrorBoundary (webpack-internal:///(app-pages-browser)/./node_modules/next/dist/client/components/redirect-boundary.js:74:9)
    at RedirectBoundary (webpack-internal:///(app-pages-browser)/./node_modules/next/dist/client/components/redirect-boundary.js:82:11)
    at NotFoundErrorBoundary (webpack-internal:///(app-pages-browser)/./node_modules/next/dist/client/components/not-found-boundary.js:76:9)
    at NotFoundBoundary (webpack-internal:///(app-pages-browser)/./node_modules/next/dist/client/components/not-found-boundary.js:84:11)
    at LoadingBoundary (webpack-internal:///(app-pages-browser)/./node_modules/next/dist/client/components/layout-router.js:349:11)
    at ErrorBoundary (webpack-internal:///(app-pages-browser)/./node_modules/next/dist/client/components/error-boundary.js:160:11)
    at InnerScrollAndFocusHandler (webpack-internal:///(app-pages-browser)/./node_modules/next/dist/client/components/layout-router.js:153:9)
    at ScrollAndFocusHandler (webpack-internal:///(app-pages-browser)/./node_modules/next/dist/client/components/layout-router.js:228:11)
    at RenderFromTemplateContext (webpack-internal:///(app-pages-browser)/./node_modules/next/dist/client/components/render-from-template-context.js:16:44)
    at OuterLayoutRouter (webpack-internal:///(app-pages-browser)/./node_modules/next/dist/client/components/layout-router.js:370:11)
    at body
    at html
    at RootLayout (Server)
    at RedirectErrorBoundary (webpack-internal:///(app-pages-browser)/./node_modules/next/dist/client/components/redirect-boundary.js:74:9)
    at RedirectBoundary (webpack-internal:///(app-pages-browser)/./node_modules/next/dist/client/components/redirect-boundary.js:82:11)
    at NotFoundErrorBoundary (webpack-internal:///(app-pages-browser)/./node_modules/next/dist/client/components/not-found-boundary.js:76:9)
    at NotFoundBoundary (webpack-internal:///(app-pages-browser)/./node_modules/next/dist/client/components/not-found-boundary.js:84:11)
    at DevRootNotFoundBoundary (webpack-internal:///(app-pages-browser)/./node_modules/next/dist/client/components/dev-root-not-found-boundary.js:33:11)
    at ReactDevOverlay (webpack-internal:///(app-pages-browser)/./node_modules/next/dist/client/components/react-dev-overlay/app/ReactDevOverlay.js:87:9)
    at HotReload (webpack-internal:///(app-pages-browser)/./node_modules/next/dist/client/components/react-dev-overlay/app/hot-reloader-client.js:321:11)
    at Router (webpack-internal:///(app-pages-browser)/./node_modules/next/dist/client/components/app-router.js:207:11)
    at ErrorBoundaryHandler (webpack-internal:///(app-pages-browser)/./node_modules/next/dist/client/components/error-boundary.js:113:9)
    at ErrorBoundary (webpack-internal:///(app-pages-browser)/./node_modules/next/dist/client/components/error-boundary.js:160:11)
    at AppRouter (webpack-internal:///(app-pages-browser)/./node_modules/next/dist/client/components/app-router.js:585:13)
    at ServerRoot (webpack-internal:///(app-pages-browser)/./node_modules/next/dist/client/app-index.js:112:27)
    at Root (webpack-internal:///(app-pages-browser)/./node_modules/next/dist/client/app-index.js:117:11) @ webpack-internal:///(app-pages-browser)/./node_modules/next/dist/client/app-index.js:32
[    4225ms] [ERROR] Warning: Encountered two children with the same key, `%s`. Keys should be unique so that components maintain their identity across updates. Non-unique keys may cause children to be duplicated and/or omitted — the behavior is unsupported and could change in a future version.%s S 
    at div
    at div
    at Calendar (webpack-internal:///(app-pages-browser)/./components/Calendar.tsx:10:11)
    at section
    at div
    at main
    at HomePage (webpack-internal:///(app-pages-browser)/./app/page.tsx:28:78)
    at ClientPageRoot (webpack-internal:///(app-pages-browser)/./node_modules/next/dist/client/components/client-page.js:14:11)
    at InnerLayoutRouter (webpack-internal:///(app-pages-browser)/./node_modules/next/dist/client/components/layout-router.js:243:11)
    at RedirectErrorBoundary (webpack-internal:///(app-pages-browser)/./node_modules/next/dist/client/components/redirect-boundary.js:74:9)
    at RedirectBoundary (webpack-internal:///(app-pages-browser)/./node_modules/next/dist/client/components/redirect-boundary.js:82:11)
    at NotFoundErrorBoundary (webpack-internal:///(app-pages-browser)/./node_modules/next/dist/client/components/not-found-boundary.js:76:9)
    at NotFoundBoundary (webpack-internal:///(app-pages-browser)/./node_modules/next/dist/client/components/not-found-boundary.js:84:11)
    at LoadingBoundary (webpack-internal:///(app-pages-browser)/./node_modules/next/dist/client/components/layout-router.js:349:11)
    at ErrorBoundary (webpack-internal:///(app-pages-browser)/./node_modules/next/dist/client/components/error-boundary.js:160:11)
    at InnerScrollAndFocusHandler (webpack-internal:///(app-pages-browser)/./node_modules/next/dist/client/components/layout-router.js:153:9)
    at ScrollAndFocusHandler (webpack-internal:///(app-pages-browser)/./node_modules/next/dist/client/components/layout-router.js:228:11)
    at RenderFromTemplateContext (webpack-internal:///(app-pages-browser)/./node_modules/next/dist/client/components/render-from-template-context.js:16:44)
    at OuterLayoutRouter (webpack-internal:///(app-pages-browser)/./node_modules/next/dist/client/components/layout-router.js:370:11)
    at body
    at html
    at RootLayout (Server)
    at RedirectErrorBoundary (webpack-internal:///(app-pages-browser)/./node_modules/next/dist/client/components/redirect-boundary.js:74:9)
    at RedirectBoundary (webpack-internal:///(app-pages-browser)/./node_modules/next/dist/client/components/redirect-boundary.js:82:11)
    at NotFoundErrorBoundary (webpack-internal:///(app-pages-browser)/./node_modules/next/dist/client/components/not-found-boundary.js:76:9)
    at NotFoundBoundary (webpack-internal:///(app-pages-browser)/./node_modules/next/dist/client/components/not-found-boundary.js:84:11)
    at DevRootNotFoundBoundary (webpack-internal:///(app-pages-browser)/./node_modules/next/dist/client/components/dev-root-not-found-boundary.js:33:11)
    at ReactDevOverlay (webpack-internal:///(app-pages-browser)/./node_modules/next/dist/client/components/react-dev-overlay/app/ReactDevOverlay.js:87:9)
    at HotReload (webpack-internal:///(app-pages-browser)/./node_modules/next/dist/client/components/react-dev-overlay/app/hot-reloader-client.js:321:11)
    at Router (webpack-internal:///(app-pages-browser)/./node_modules/next/dist/client/components/app-router.js:207:11)
    at ErrorBoundaryHandler (webpack-internal:///(app-pages-browser)/./node_modules/next/dist/client/components/error-boundary.js:113:9)
    at ErrorBoundary (webpack-internal:///(app-pages-browser)/./node_modules/next/dist/client/components/error-boundary.js:160:11)
    at AppRouter (webpack-internal:///(app-pages-browser)/./node_modules/next/dist/client/components/app-router.js:585:13)
    at ServerRoot (webpack-internal:///(app-pages-browser)/./node_modules/next/dist/client/app-index.js:112:27)
    at Root (webpack-internal:///(app-pages-browser)/./node_modules/next/dist/client/app-index.js:117:11) @ webpack-internal:///(app-pages-browser)/./node_modules/next/dist/client/app-index.js:32
[    4247ms] [ERROR] Warning: Encountered two children with the same key, `%s`. Keys should be unique so that components maintain their identity across updates. Non-unique keys may cause children to be duplicated and/or omitted — the behavior is unsupported and could change in a future version.%s T 
    at div
    at div
    at Calendar (webpack-internal:///(app-pages-browser)/./components/Calendar.tsx:10:11)
    at section
    at div
    at main
    at HomePage (webpack-internal:///(app-pages-browser)/./app/page.tsx:28:78)
    at ClientPageRoot (webpack-internal:///(app-pages-browser)/./node_modules/next/dist/client/components/client-page.js:14:11)
    at InnerLayoutRouter (webpack-internal:///(app-pages-browser)/./node_modules/next/dist/client/components/layout-router.js:243:11)
    at RedirectErrorBoundary (webpack-internal:///(app-pages-browser)/./node_modules/next/dist/client/components/redirect-boundary.js:74:9)
    at RedirectBoundary (webpack-internal:///(app-pages-browser)/./node_modules/next/dist/client/components/redirect-boundary.js:82:11)
    at NotFoundErrorBoundary (webpack-internal:///(app-pages-browser)/./node_modules/next/dist/client/components/not-found-boundary.js:76:9)
    at NotFoundBoundary (webpack-internal:///(app-pages-browser)/./node_modules/next/dist/client/components/not-found-boundary.js:84:11)
    at LoadingBoundary (webpack-internal:///(app-pages-browser)/./node_modules/next/dist/client/components/layout-router.js:349:11)
    at ErrorBoundary (webpack-internal:///(app-pages-browser)/./node_modules/next/dist/client/components/error-boundary.js:160:11)
    at InnerScrollAndFocusHandler (webpack-internal:///(app-pages-browser)/./node_modules/next/dist/client/components/layout-router.js:153:9)
    at ScrollAndFocusHandler (webpack-internal:///(app-pages-browser)/./node_modules/next/dist/client/components/layout-router.js:228:11)
    at RenderFromTemplateContext (webpack-internal:///(app-pages-browser)/./node_modules/next/dist/client/components/render-from-template-context.js:16:44)
    at OuterLayoutRouter (webpack-internal:///(app-pages-browser)/./node_modules/next/dist/client/components/layout-router.js:370:11)
    at body
    at html
    at RootLayout (Server)
    at RedirectErrorBoundary (webpack-internal:///(app-pages-browser)/./node_modules/next/dist/client/components/redirect-boundary.js:74:9)
    at RedirectBoundary (webpack-internal:///(app-pages-browser)/./node_modules/next/dist/client/components/redirect-boundary.js:82:11)
    at NotFoundErrorBoundary (webpack-internal:///(app-pages-browser)/./node_modules/next/dist/client/components/not-found-boundary.js:76:9)
    at NotFoundBoundary (webpack-internal:///(app-pages-browser)/./node_modules/next/dist/client/components/not-found-boundary.js:84:11)
    at DevRootNotFoundBoundary (webpack-internal:///(app-pages-browser)/./node_modules/next/dist/client/components/dev-root-not-found-boundary.js:33:11)
    at ReactDevOverlay (webpack-internal:///(app-pages-browser)/./node_modules/next/dist/client/components/react-dev-overlay/app/ReactDevOverlay.js:87:9)
    at HotReload (webpack-internal:///(app-pages-browser)/./node_modules/next/dist/client/components/react-dev-overlay/app/hot-reloader-client.js:321:11)
    at Router (webpack-internal:///(app-pages-browser)/./node_modules/next/dist/client/components/app-router.js:207:11)
    at ErrorBoundaryHandler (webpack-internal:///(app-pages-browser)/./node_modules/next/dist/client/components/error-boundary.js:113:9)
    at ErrorBoundary (webpack-internal:///(app-pages-browser)/./node_modules/next/dist/client/components/error-boundary.js:160:11)
    at AppRouter (webpack-internal:///(app-pages-browser)/./node_modules/next/dist/client/components/app-router.js:585:13)
    at ServerRoot (webpack-internal:///(app-pages-browser)/./node_modules/next/dist/client/app-index.js:112:27)
    at Root (webpack-internal:///(app-pages-browser)/./node_modules/next/dist/client/app-index.js:117:11) @ webpack-internal:///(app-pages-browser)/./node_modules/next/dist/client/app-index.js:32
[    4247ms] [ERROR] Warning: Encountered two children with the same key, `%s`. Keys should be unique so that components maintain their identity across updates. Non-unique keys may cause children to be duplicated and/or omitted — the behavior is unsupported and could change in a future version.%s S 
    at div
    at div
    at Calendar (webpack-internal:///(app-pages-browser)/./components/Calendar.tsx:10:11)
    at section
    at div
    at main
    at HomePage (webpack-internal:///(app-pages-browser)/./app/page.tsx:28:78)
    at ClientPageRoot (webpack-internal:///(app-pages-browser)/./node_modules/next/dist/client/components/client-page.js:14:11)
    at InnerLayoutRouter (webpack-internal:///(app-pages-browser)/./node_modules/next/dist/client/components/layout-router.js:243:11)
    at RedirectErrorBoundary (webpack-internal:///(app-pages-browser)/./node_modules/next/dist/client/components/redirect-boundary.js:74:9)
    at RedirectBoundary (webpack-internal:///(app-pages-browser)/./node_modules/next/dist/client/components/redirect-boundary.js:82:11)
    at NotFoundErrorBoundary (webpack-internal:///(app-pages-browser)/./node_modules/next/dist/client/components/not-found-boundary.js:76:9)
    at NotFoundBoundary (webpack-internal:///(app-pages-browser)/./node_modules/next/dist/client/components/not-found-boundary.js:84:11)
    at LoadingBoundary (webpack-internal:///(app-pages-browser)/./node_modules/next/dist/client/components/layout-router.js:349:11)
    at ErrorBoundary (webpack-internal:///(app-pages-browser)/./node_modules/next/dist/client/components/error-boundary.js:160:11)
    at InnerScrollAndFocusHandler (webpack-internal:///(app-pages-browser)/./node_modules/next/dist/client/components/layout-router.js:153:9)
    at ScrollAndFocusHandler (webpack-internal:///(app-pages-browser)/./node_modules/next/dist/client/components/layout-router.js:228:11)
    at RenderFromTemplateContext (webpack-internal:///(app-pages-browser)/./node_modules/next/dist/client/components/render-from-template-context.js:16:44)
    at OuterLayoutRouter (webpack-internal:///(app-pages-browser)/./node_modules/next/dist/client/components/layout-router.js:370:11)
    at body
    at html
    at RootLayout (Server)
    at RedirectErrorBoundary (webpack-internal:///(app-pages-browser)/./node_modules/next/dist/client/components/redirect-boundary.js:74:9)
    at RedirectBoundary (webpack-internal:///(app-pages-browser)/./node_modules/next/dist/client/components/redirect-boundary.js:82:11)
    at NotFoundErrorBoundary (webpack-internal:///(app-pages-browser)/./node_modules/next/dist/client/components/not-found-boundary.js:76:9)
    at NotFoundBoundary (webpack-internal:///(app-pages-browser)/./node_modules/next/dist/client/components/not-found-boundary.js:84:11)
    at DevRootNotFoundBoundary (webpack-internal:///(app-pages-browser)/./node_modules/next/dist/client/components/dev-root-not-found-boundary.js:33:11)
    at ReactDevOverlay (webpack-internal:///(app-pages-browser)/./node_modules/next/dist/client/components/react-dev-overlay/app/ReactDevOverlay.js:87:9)
    at HotReload (webpack-internal:///(app-pages-browser)/./node_modules/next/dist/client/components/react-dev-overlay/app/hot-reloader-client.js:321:11)
    at Router (webpack-internal:///(app-pages-browser)/./node_modules/next/dist/client/components/app-router.js:207:11)
    at ErrorBoundaryHandler (webpack-internal:///(app-pages-browser)/./node_modules/next/dist/client/components/error-boundary.js:113:9)
    at ErrorBoundary (webpack-internal:///(app-pages-browser)/./node_modules/next/dist/client/components/error-boundary.js:160:11)
    at AppRouter (webpack-internal:///(app-pages-browser)/./node_modules/next/dist/client/components/app-router.js:585:13)
    at ServerRoot (webpack-internal:///(app-pages-browser)/./node_modules/next/dist/client/app-index.js:112:27)
    at Root (webpack-internal:///(app-pages-browser)/./node_modules/next/dist/client/app-index.js:117:11) @ webpack-internal:///(app-pages-browser)/./node_modules/next/dist/client/app-index.js:32
[  265287ms] [ERROR] Failed to load resource: net::ERR_CONNECTION_REFUSED @ http://127.0.0.1:3000/?_rsc=3py13:0
[  265287ms] [ERROR] Failed to fetch RSC payload for http://127.0.0.1:3000/. Falling back to browser navigation. TypeError: Failed to fetch
    at fetchServerResponse (webpack-internal:///(app-pages-browser)/./node_modules/next/dist/client/components/router-reducer/fetch-server-response.js:59:27)
    at InnerLayoutRouter (webpack-internal:///(app-pages-browser)/./node_modules/next/dist/client/components/layout-router.js:305:90)
    at renderWithHooks (webpack-internal:///(app-pages-browser)/./node_modules/next/dist/compiled/react-dom/cjs/react-dom.development.js:11121:18)
    at mountIndeterminateComponent (webpack-internal:///(app-pages-browser)/./node_modules/next/dist/compiled/react-dom/cjs/react-dom.development.js:16869:13)
    at beginWork$1 (webpack-internal:///(app-pages-browser)/./node_modules/next/dist/compiled/react-dom/cjs/react-dom.development.js:18458:16)
    at beginWork (webpack-internal:///(app-pages-browser)/./node_modules/next/dist/compiled/react-dom/cjs/react-dom.development.js:26927:14)
    at performUnitOfWork (webpack-internal:///(app-pages-browser)/./node_modules/next/dist/compiled/react-dom/cjs/react-dom.development.js:25748:12)
    at workLoopConcurrent (webpack-internal:///(app-pages-browser)/./node_modules/next/dist/compiled/react-dom/cjs/react-dom.development.js:25734:5)
    at renderRootConcurrent (webpack-internal:///(app-pages-browser)/./node_modules/next/dist/compiled/react-dom/cjs/react-dom.development.js:25690:9)
    at performConcurrentWorkOnRoot (webpack-internal:///(app-pages-browser)/./node_modules/next/dist/compiled/react-dom/cjs/react-dom.development.js:24504:38)
    at workLoop (webpack-internal:///(app-pages-browser)/./node_modules/next/dist/compiled/scheduler/cjs/scheduler.development.js:256:34)
    at flushWork (webpack-internal:///(app-pages-browser)/./node_modules/next/dist/compiled/scheduler/cjs/scheduler.development.js:225:14)
    at MessagePort.performWorkUntilDeadline (webpack-internal:///(app-pages-browser)/./node_modules/next/dist/compiled/scheduler/cjs/scheduler.development.js:534:21) @ webpack-internal:///(app-pages-browser)/./node_modules/next/dist/client/app-index.js:32
[  368693ms] [ERROR] Failed to load resource: the server responded with a status of 500 (Internal Server Error) @ http://127.0.0.1:3000/:0
[  368943ms] ModuleBuildError: Module build failed (from ./node_modules/next/dist/build/webpack/loaders/postcss-loader/src/index.js):
Error: Cannot find module './at-rule'
Require stack:
- /Users/xiaofushan/Desktop/Chrysalis/node_modules/postcss/lib/postcss.js
- /Users/xiaofushan/Desktop/Chrysalis/node_modules/tailwindcss/lib/lib/setupContextUtils.js
- /Users/xiaofushan/Desktop/Chrysalis/node_modules/tailwindcss/lib/lib/setupTrackingContext.js
- /Users/xiaofushan/Desktop/Chrysalis/node_modules/tailwindcss/lib/plugin.js
- /Users/xiaofushan/Desktop/Chrysalis/node_modules/tailwindcss/lib/index.js
- /Users/xiaofushan/Desktop/Chrysalis/node_modules/next/dist/build/webpack/config/blocks/css/plugins.js
- /Users/xiaofushan/Desktop/Chrysalis/node_modules/next/dist/build/webpack/config/blocks/css/index.js
- /Users/xiaofushan/Desktop/Chrysalis/node_modules/next/dist/build/webpack/config/index.js
- /Users/xiaofushan/Desktop/Chrysalis/node_modules/next/dist/build/webpack-config.js
- /Users/xiaofushan/Desktop/Chrysalis/node_modules/next/dist/server/dev/hot-reloader-webpack.js
- /Users/xiaofushan/Desktop/Chrysalis/node_modules/next/dist/server/lib/router-utils/setup-dev-bundler.js
- /Users/xiaofushan/Desktop/Chrysalis/node_modules/next/dist/server/lib/router-server.js
- /Users/xiaofushan/Desktop/Chrysalis/node_modules/next/dist/server/lib/start-server.js
    at Function.<anonymous> (node:internal/modules/cjs/loader:1383:15)
    at /Users/xiaofushan/Desktop/Chrysalis/node_modules/next/dist/server/require-hook.js:55:36
    at defaultResolveImpl (node:internal/modules/cjs/loader:1025:19)
    at resolveForCJSWithHooks (node:internal/modules/cjs/loader:1030:22)
    at Function._load (node:internal/modules/cjs/loader:1192:37)
    at TracingChannel.traceSync (node:diagnostics_channel:328:14)
    at wrapModuleLoad (node:internal/modules/cjs/loader:237:24)
    at Module.<anonymous> (node:internal/modules/cjs/loader:1463:12)
    at mod.require (/Users/xiaofushan/Desktop/Chrysalis/node_modules/next/dist/server/require-hook.js:65:28)
    at require (node:internal/modules/helpers:147:16)
    at Object.<anonymous> (/Users/xiaofushan/Desktop/Chrysalis/node_modules/postcss/lib/postcss.js:3:14)
    at Module._compile (node:internal/modules/cjs/loader:1706:14)
    at Object..js (node:internal/modules/cjs/loader:1839:10)
    at Module.load (node:internal/modules/cjs/loader:1441:32)
    at Function._load (node:internal/modules/cjs/loader:1263:12)
    at TracingChannel.traceSync (node:diagnostics_channel:328:14)
    at wrapModuleLoad (node:internal/modules/cjs/loader:237:24)
    at Module.<anonymous> (node:internal/modules/cjs/loader:1463:12)
    at mod.require (/Users/xiaofushan/Desktop/Chrysalis/node_modules/next/dist/server/require-hook.js:65:28)
    at require (node:internal/modules/helpers:147:16)
    at Object.<anonymous> (/Users/xiaofushan/Desktop/Chrysalis/node_modules/tailwindcss/lib/lib/setupContextUtils.js:33:57)
    at Module._compile (node:internal/modules/cjs/loader:1706:14)
    at Object..js (node:internal/modules/cjs/loader:1839:10)
    at Module.load (node:internal/modules/cjs/loader:1441:32)
    at Function._load (node:internal/modules/cjs/loader:1263:12)
    at TracingChannel.traceSync (node:diagnostics_channel:328:14)
    at wrapModuleLoad (node:internal/modules/cjs/loader:237:24)
    at Module.<anonymous> (node:internal/modules/cjs/loader:1463:12)
    at mod.require (/Users/xiaofushan/Desktop/Chrysalis/node_modules/next/dist/server/require-hook.js:65:28)
    at require (node:internal/modules/helpers:147:16)
    at Object.<anonymous> (/Users/xiaofushan/Desktop/Chrysalis/node_modules/tailwindcss/lib/lib/setupTrackingContext.js:21:28)
    at Module._compile (node:internal/modules/cjs/loader:1706:14)
    at Object..js (node:internal/modules/cjs/loader:1839:10)
    at Module.load (node:internal/modules/cjs/loader:1441:32)
    at Function._load (node:internal/modules/cjs/loader:1263:12)
    at TracingChannel.traceSync (node:diagnostics_channel:328:14)
    at wrapModuleLoad (node:internal/modules/cjs/loader:237:24)
    at Module.<anonymous> (node:internal/modules/cjs/loader:1463:12)
    at mod.require (/Users/xiaofushan/Desktop/Chrysalis/node_modules/next/dist/server/require-hook.js:65:28)
    at require (node:internal/modules/helpers:147:16)
    at Object.<anonymous> (/Users/xiaofushan/Desktop/Chrysalis/node_modules/tailwindcss/lib/plugin.js:5:70)
    at Module._compile (node:internal/modules/cjs/loader:1706:14)
    at Object..js (node:internal/modules/cjs/loader:1839:10)
    at Module.load (node:internal/modules/cjs/loader:1441:32)
    at Function._load (node:internal/modules/cjs/loader:1263:12)
    at TracingChannel.traceSync (node:diagnostics_channel:328:14)
    at wrapModuleLoad (node:internal/modules/cjs/loader:237:24)
    at Module.<anonymous> (node:internal/modules/cjs/loader:1463:12)
    at mod.require (/Users/xiaofushan/Desktop/Chrysalis/node_modules/next/dist/server/require-hook.js:65:28)
    at require (node:internal/modules/helpers:147:16)
    at Function.<anonymous> (node:internal/modules/cjs/loader:1383:15)
    at /Users/xiaofushan/Desktop/Chrysalis/node_modules/next/dist/server/require-hook.js:55:36
    at defaultResolveImpl (node:internal/modules/cjs/loader:1025:19)
    at resolveForCJSWithHooks (node:internal/modules/cjs/loader:1030:22)
    at Function._load (node:internal/modules/cjs/loader:1192:37)
    at TracingChannel.traceSync (node:diagnostics_channel:328:14)
    at wrapModuleLoad (node:internal/modules/cjs/loader:237:24)
    at Module.<anonymous> (node:internal/modules/cjs/loader:1463:12)
    at mod.require (/Users/xiaofushan/Desktop/Chrysalis/node_modules/next/dist/server/require-hook.js:65:28)
    at require (node:internal/modules/helpers:147:16)
    at Object.<anonymous> (/Users/xiaofushan/Desktop/Chrysalis/node_modules/postcss/lib/postcss.js:3:14)
    at Module._compile (node:internal/modules/cjs/loader:1706:14)
    at Object..js (node:internal/modules/cjs/loader:1839:10)
    at Module.load (node:internal/modules/cjs/loader:1441:32)
    at Function._load (node:internal/modules/cjs/loader:1263:12)
    at TracingChannel.traceSync (node:diagnostics_channel:328:14)
    at wrapModuleLoad (node:internal/modules/cjs/loader:237:24)
    at Module.<anonymous> (node:internal/modules/cjs/loader:1463:12)
    at mod.require (/Users/xiaofushan/Desktop/Chrysalis/node_modules/next/dist/server/require-hook.js:65:28)
    at require (node:internal/modules/helpers:147:16)
    at Object.<anonymous> (/Users/xiaofushan/Desktop/Chrysalis/node_modules/tailwindcss/lib/lib/setupContextUtils.js:33:57)
    at Module._compile (node:internal/modules/cjs/loader:1706:14)
    at Object..js (node:internal/modules/cjs/loader:1839:10)
    at Module.load (node:internal/modules/cjs/loader:1441:32)
    at Function._load (node:internal/modules/cjs/loader:1263:12)
    at TracingChannel.traceSync (node:diagnostics_channel:328:14)
    at wrapModuleLoad (node:internal/modules/cjs/loader:237:24)
    at Module.<anonymous> (node:internal/modules/cjs/loader:1463:12)
    at mod.require (/Users/xiaofushan/Desktop/Chrysalis/node_modules/next/dist/server/require-hook.js:65:28)
    at require (node:internal/modules/helpers:147:16)
    at Object.<anonymous> (/Users/xiaofushan/Desktop/Chrysalis/node_modules/tailwindcss/lib/lib/setupTrackingContext.js:21:28)
    at Module._compile (node:internal/modules/cjs/loader:1706:14)
    at Object..js (node:internal/modules/cjs/loader:1839:10)
    at Module.load (node:internal/modules/cjs/loader:1441:32)
    at Function._load (node:internal/modules/cjs/loader:1263:12)
    at TracingChannel.traceSync (node:diagnostics_channel:328:14)
    at wrapModuleLoad (node:internal/modules/cjs/loader:237:24)
    at Module.<anonymous> (node:internal/modules/cjs/loader:1463:12)
    at mod.require (/Users/xiaofushan/Desktop/Chrysalis/node_modules/next/dist/server/require-hook.js:65:28)
    at require (node:internal/modules/helpers:147:16)
    at Object.<anonymous> (/Users/xiaofushan/Desktop/Chrysalis/node_modules/tailwindcss/lib/plugin.js:5:70)
    at Module._compile (node:internal/modules/cjs/loader:1706:14)
    at Object..js (node:internal/modules/cjs/loader:1839:10)
    at Module.load (node:internal/modules/cjs/loader:1441:32)
    at Function._load (node:internal/modules/cjs/loader:1263:12)
    at TracingChannel.traceSync (node:diagnostics_channel:328:14)
    at wrapModuleLoad (node:internal/modules/cjs/loader:237:24)
    at Module.<anonymous> (node:internal/modules/cjs/loader:1463:12)
    at mod.require (/Users/xiaofushan/Desktop/Chrysalis/node_modules/next/dist/server/require-hook.js:65:28)
    at require (node:internal/modules/helpers:147:16)
    at Function.<anonymous> (node:internal/modules/cjs/loader:1383:15)
    at <unknown> (file:///Users/xiaofushan/Desktop/Chrysalis/node_modules/next/dist/server/require-hook.js:55:36)
    at defaultResolveImpl (node:internal/modules/cjs/loader:1025:19)
    at resolveForCJSWithHooks (node:internal/modules/cjs/loader:1030:22)
    at Function._load (node:internal/modules/cjs/loader:1192:37)
    at TracingChannel.traceSync (node:diagnostics_channel:328:14)
    at wrapModuleLoad (node:internal/modules/cjs/loader:237:24)
    at Module.<anonymous> (node:internal/modules/cjs/loader:1463:12)
    at mod.require (file:///Users/xiaofushan/Desktop/Chrysalis/node_modules/next/dist/server/require-hook.js:65:28)
    at require (node:internal/modules/helpers:147:16)
    at Object.<anonymous> (file:///Users/xiaofushan/Desktop/Chrysalis/node_modules/postcss/lib/postcss.js:3:14)
    at Module._compile (node:internal/modules/cjs/loader:1706:14)
    at Object..js (node:internal/modules/cjs/loader:1839:10)
    at Module.load (node:internal/modules/cjs/loader:1441:32)
    at Function._load (node:internal/modules/cjs/loader:1263:12)
    at TracingChannel.traceSync (node:diagnostics_channel:328:14)
    at wrapModuleLoad (node:internal/modules/cjs/loader:237:24)
    at Module.<anonymous> (node:internal/modules/cjs/loader:1463:12)
    at mod.require (file:///Users/xiaofushan/Desktop/Chrysalis/node_modules/next/dist/server/require-hook.js:65:28)
    at require (node:internal/modules/helpers:147:16)
    at Object.<anonymous> (file:///Users/xiaofushan/Desktop/Chrysalis/node_modules/tailwindcss/lib/lib/setupContextUtils.js:33:57)
    at Module._compile (node:internal/modules/cjs/loader:1706:14)
    at Object..js (node:internal/modules/cjs/loader:1839:10)
    at Module.load (node:internal/modules/cjs/loader:1441:32)
    at Function._load (node:internal/modules/cjs/loader:1263:12)
    at TracingChannel.traceSync (node:diagnostics_channel:328:14)
    at wrapModuleLoad (node:internal/modules/cjs/loader:237:24)
    at Module.<anonymous> (node:internal/modules/cjs/loader:1463:12)
    at mod.require (file:///Users/xiaofushan/Desktop/Chrysalis/node_modules/next/dist/server/require-hook.js:65:28)
    at require (node:internal/modules/helpers:147:16)
    at Object.<anonymous> (file:///Users/xiaofushan/Desktop/Chrysalis/node_modules/tailwindcss/lib/lib/setupTrackingContext.js:21:28)
    at Module._compile (node:internal/modules/cjs/loader:1706:14)
    at Object..js (node:internal/modules/cjs/loader:1839:10)
    at Module.load (node:internal/modules/cjs/loader:1441:32)
    at Function._load (node:internal/modules/cjs/loader:1263:12)
    at TracingChannel.traceSync (node:diagnostics_channel:328:14)
    at wrapModuleLoad (node:internal/modules/cjs/loader:237:24)
    at Module.<anonymous> (node:internal/modules/cjs/loader:1463:12)
    at mod.require (file:///Users/xiaofushan/Desktop/Chrysalis/node_modules/next/dist/server/require-hook.js:65:28)
    at require (node:internal/modules/helpers:147:16)
    at Object.<anonymous> (file:///Users/xiaofushan/Desktop/Chrysalis/node_modules/tailwindcss/lib/plugin.js:5:70)
    at Module._compile (node:internal/modules/cjs/loader:1706:14)
    at Object..js (node:internal/modules/cjs/loader:1839:10)
    at Module.load (node:internal/modules/cjs/loader:1441:32)
    at Function._load (node:internal/modules/cjs/loader:1263:12)
    at TracingChannel.traceSync (node:diagnostics_channel:328:14)
    at wrapModuleLoad (node:internal/modules/cjs/loader:237:24)
    at Module.<anonymous> (node:internal/modules/cjs/loader:1463:12)
    at mod.require (file:///Users/xiaofushan/Desktop/Chrysalis/node_modules/next/dist/server/require-hook.js:65:28)
    at require (node:internal/modules/helpers:147:16)
    at processResult (file:///Users/xiaofushan/Desktop/Chrysalis/node_modules/next/dist/compiled/webpack/bundle5.js:28:400590)
    at <unknown> (file:///Users/xiaofushan/Desktop/Chrysalis/node_modules/next/dist/compiled/webpack/bundle5.js:28:402302)
    at <unknown> (file:///Users/xiaofushan/Desktop/Chrysalis/node_modules/next/dist/compiled/loader-runner/LoaderRunner.js:1:8645)
    at <unknown> (file:///Users/xiaofushan/Desktop/Chrysalis/node_modules/next/dist/compiled/loader-runner/LoaderRunner.js:1:5828)
    at r.callback (file:///Users/xiaofushan/Desktop/Chrysalis/node_modules/next/dist/compiled/loader-runner/LoaderRunner.js:1:4039)
    at <unknown> (file:///Users/xiaofushan/Desktop/Chrysalis/node_modules/next/dist/build/webpack/loaders/postcss-loader/src/index.js:113:37)
[  368948ms] [ERROR] ./app/globals.css.webpack[javascript/auto]!=!./node_modules/next/dist/build/webpack/loaders/css-loader/src/index.js??ruleSet[1].rules[14].oneOf[12].use[2]!./node_modules/next/dist/build/webpack/loaders/postcss-loader/src/index.js??ruleSet[1].rules[14].oneOf[12].use[3]!./app/globals.css
Error: Cannot find module './at-rule'
Require stack:
- /Users/xiaofushan/Desktop/Chrysalis/node_modules/postcss/lib/postcss.js
- /Users/xiaofushan/Desktop/Chrysalis/node_modules/tailwindcss/lib/lib/setupContextUtils.js
- /Users/xiaofushan/Desktop/Chrysalis/node_modules/tailwindcss/lib/lib/setupTrackingContext.js
- /Users/xiaofushan/Desktop/Chrysalis/node_modules/tailwindcss/lib/plugin.js
- /Users/xiaofushan/Desktop/Chrysalis/node_modules/tailwindcss/lib/index.js
- /Users/xiaofushan/Desktop/Chrysalis/node_modules/next/dist/build/webpack/config/blocks/css/plugins.js
- /Users/xiaofushan/Desktop/Chrysalis/node_modules/next/dist/build/webpack/config/blocks/css/index.js
- /Users/xiaofushan/Desktop/Chrysalis/node_modules/next/dist/build/webpack/config/index.js
- /Users/xiaofushan/Desktop/Chrysalis/node_modules/next/dist/build/webpack-config.js
- /Users/xiaofushan/Desktop/Chrysalis/node_modules/next/dist/server/dev/hot-reloader-webpack.js
- /Users/xiaofushan/Desktop/Chrysalis/node_modules/next/dist/server/lib/router-utils/setup-dev-bundler.js
- /Users/xiaofushan/Desktop/Chrysalis/node_modules/next/dist/server/lib/router-server.js
- /Users/xiaofushan/Desktop/Chrysalis/node_modules/next/dist/server/lib/start-server.js @ webpack-internal:///./node_modules/next/dist/client/components/react-dev-overlay/internal/helpers/hydration-error-info.js:62
[  368948ms] [ERROR] ./app/globals.css
Error: Cannot find module './at-rule'
Require stack:
- /Users/xiaofushan/Desktop/Chrysalis/node_modules/postcss/lib/postcss.js
- /Users/xiaofushan/Desktop/Chrysalis/node_modules/tailwindcss/lib/lib/setupContextUtils.js
- /Users/xiaofushan/Desktop/Chrysalis/node_modules/tailwindcss/lib/lib/setupTrackingContext.js
- /Users/xiaofushan/Desktop/Chrysalis/node_modules/tailwindcss/lib/plugin.js
- /Users/xiaofushan/Desktop/Chrysalis/node_modules/tailwindcss/lib/index.js
- /Users/xiaofushan/Desktop/Chrysalis/node_modules/next/dist/build/webpack/config/blocks/css/plugins.js
- /Users/xiaofushan/Desktop/Chrysalis/node_modules/next/dist/build/webpack/config/blocks/css/index.js
- /Users/xiaofushan/Desktop/Chrysalis/node_modules/next/dist/build/webpack/config/index.js
- /Users/xiaofushan/Desktop/Chrysalis/node_modules/next/dist/build/webpack-config.js
- /Users/xiaofushan/Desktop/Chrysalis/node_modules/next/dist/server/dev/hot-reloader-webpack.js
- /Users/xiaofushan/Desktop/Chrysalis/node_modules/next/dist/server/lib/router-utils/setup-dev-bundler.js
- /Users/xiaofushan/Desktop/Chrysalis/node_modules/next/dist/server/lib/router-server.js
- /Users/xiaofushan/Desktop/Chrysalis/node_modules/next/dist/server/lib/start-server.js
-- inner error --
Error: Cannot find module './at-rule'
Require stack:
- /Users/xiaofushan/Desktop/Chrysalis/node_modules/postcss/lib/postcss.js
- /Users/xiaofushan/Desktop/Chrysalis/node_modules/tailwindcss/lib/lib/setupContextUtils.js
- /Users/xiaofushan/Desktop/Chrysalis/node_modules/tailwindcss/lib/lib/setupTrackingContext.js
- /Users/xiaofushan/Desktop/Chrysalis/node_modules/tailwindcss/lib/plugin.js
- /Users/xiaofushan/Desktop/Chrysalis/node_modules/tailwindcss/lib/index.js
- /Users/xiaofushan/Desktop/Chrysalis/node_modules/next/dist/build/webpack/config/blocks/css/plugins.js
- /Users/xiaofushan/Desktop/Chrysalis/node_modules/next/dist/build/webpack/config/blocks/css/index.js
- /Users/xiaofushan/Desktop/Chrysalis/node_modules/next/dist/build/webpack/config/index.js
- /Users/xiaofushan/Desktop/Chrysalis/node_modules/next/dist/build/webpack-config.js
- /Users/xiaofushan/Desktop/Chrysalis/node_modules/next/dist/server/dev/hot-reloader-webpack.js
- /Users/xiaofushan/Desktop/Chrysalis/node_modules/next/dist/server/lib/router-utils/setup-dev-bundler.js
- /Users/xiaofushan/Desktop/Chrysalis/node_modules/next/dist/server/lib/router-server.js
- /Users/xiaofushan/Desktop/Chrysalis/node_modules/next/dist/server/lib/start-server.js
Generated code for /Users/xiaofushan/Desktop/Chrysalis/node_modules/next/dist/build/webpack/loaders/css-loader/src/index.js??ruleSet[1].rules[14].oneOf[12].use[2]!/Users/xiaofushan/Desktop/Chrysalis/node_modules/next/dist/build/webpack/loaders/postcss-loader/src/index.js??ruleSet[1].rules[14].oneOf[12].use[3]!/Users/xiaofushan/Desktop/Chrysalis/app/globals.css @ webpack-internal:///./node_modules/next/dist/client/components/react-dev-overlay/internal/helpers/hydration-error-info.js:62
[  369222ms] [ERROR] Failed to load resource: the server responded with a status of 404 (Not Found) @ http://127.0.0.1:3000/favicon.ico:0
[  412092ms] [ERROR] ./app/globals.css.webpack[javascript/auto]!=!./node_modules/next/dist/build/webpack/loaders/css-loader/src/index.js??ruleSet[1].rules[14].oneOf[12].use[2]!./node_modules/next/dist/build/webpack/loaders/postcss-loader/src/index.js??ruleSet[1].rules[14].oneOf[12].use[3]!./app/globals.css
Error: Cannot find module './at-rule'
Require stack:
- /Users/xiaofushan/Desktop/Chrysalis/node_modules/postcss/lib/postcss.js
- /Users/xiaofushan/Desktop/Chrysalis/node_modules/tailwindcss/lib/lib/setupContextUtils.js
- /Users/xiaofushan/Desktop/Chrysalis/node_modules/tailwindcss/lib/lib/setupTrackingContext.js
- /Users/xiaofushan/Desktop/Chrysalis/node_modules/tailwindcss/lib/plugin.js
- /Users/xiaofushan/Desktop/Chrysalis/node_modules/tailwindcss/lib/index.js
- /Users/xiaofushan/Desktop/Chrysalis/node_modules/next/dist/build/webpack/config/blocks/css/plugins.js
- /Users/xiaofushan/Desktop/Chrysalis/node_modules/next/dist/build/webpack/config/blocks/css/index.js
- /Users/xiaofushan/Desktop/Chrysalis/node_modules/next/dist/build/webpack/config/index.js
- /Users/xiaofushan/Desktop/Chrysalis/node_modules/next/dist/build/webpack-config.js
- /Users/xiaofushan/Desktop/Chrysalis/node_modules/next/dist/server/dev/hot-reloader-webpack.js
- /Users/xiaofushan/Desktop/Chrysalis/node_modules/next/dist/server/lib/router-utils/setup-dev-bundler.js
- /Users/xiaofushan/Desktop/Chrysalis/node_modules/next/dist/server/lib/router-server.js
- /Users/xiaofushan/Desktop/Chrysalis/node_modules/next/dist/server/lib/start-server.js
Import trace for requested module:
./app/globals.css.webpack[javascript/auto]!=!./node_modules/next/dist/build/webpack/loaders/css-loader/src/index.js??ruleSet[1].rules[14].oneOf[12].use[2]!./node_modules/next/dist/build/webpack/loaders/postcss-loader/src/index.js??ruleSet[1].rules[14].oneOf[12].use[3]!./app/globals.css
./app/globals.css @ webpack-internal:///./node_modules/next/dist/client/components/react-dev-overlay/internal/helpers/hydration-error-info.js:62
[  412093ms] [ERROR] ./app/globals.css
Error: Cannot find module './at-rule'
Require stack:
- /Users/xiaofushan/Desktop/Chrysalis/node_modules/postcss/lib/postcss.js
- /Users/xiaofushan/Desktop/Chrysalis/node_modules/tailwindcss/lib/lib/setupContextUtils.js
- /Users/xiaofushan/Desktop/Chrysalis/node_modules/tailwindcss/lib/lib/setupTrackingContext.js
- /Users/xiaofushan/Desktop/Chrysalis/node_modules/tailwindcss/lib/plugin.js
- /Users/xiaofushan/Desktop/Chrysalis/node_modules/tailwindcss/lib/index.js
- /Users/xiaofushan/Desktop/Chrysalis/node_modules/next/dist/build/webpack/config/blocks/css/plugins.js
- /Users/xiaofushan/Desktop/Chrysalis/node_modules/next/dist/build/webpack/config/blocks/css/index.js
- /Users/xiaofushan/Desktop/Chrysalis/node_modules/next/dist/build/webpack/config/index.js
- /Users/xiaofushan/Desktop/Chrysalis/node_modules/next/dist/build/webpack-config.js
- /Users/xiaofushan/Desktop/Chrysalis/node_modules/next/dist/server/dev/hot-reloader-webpack.js
- /Users/xiaofushan/Desktop/Chrysalis/node_modules/next/dist/server/lib/router-utils/setup-dev-bundler.js
- /Users/xiaofushan/Desktop/Chrysalis/node_modules/next/dist/server/lib/router-server.js
- /Users/xiaofushan/Desktop/Chrysalis/node_modules/next/dist/server/lib/start-server.js
-- inner error --
Error: Cannot find module './at-rule'
Require stack:
- /Users/xiaofushan/Desktop/Chrysalis/node_modules/postcss/lib/postcss.js
- /Users/xiaofushan/Desktop/Chrysalis/node_modules/tailwindcss/lib/lib/setupContextUtils.js
- /Users/xiaofushan/Desktop/Chrysalis/node_modules/tailwindcss/lib/lib/setupTrackingContext.js
- /Users/xiaofushan/Desktop/Chrysalis/node_modules/tailwindcss/lib/plugin.js
- /Users/xiaofushan/Desktop/Chrysalis/node_modules/tailwindcss/lib/index.js
- /Users/xiaofushan/Desktop/Chrysalis/node_modules/next/dist/build/webpack/config/blocks/css/plugins.js
- /Users/xiaofushan/Desktop/Chrysalis/node_modules/next/dist/build/webpack/config/blocks/css/index.js
- /Users/xiaofushan/Desktop/Chrysalis/node_modules/next/dist/build/webpack/config/index.js
- /Users/xiaofushan/Desktop/Chrysalis/node_modules/next/dist/build/webpack-config.js
- /Users/xiaofushan/Desktop/Chrysalis/node_modules/next/dist/server/dev/hot-reloader-webpack.js
- /Users/xiaofushan/Desktop/Chrysalis/node_modules/next/dist/server/lib/router-utils/setup-dev-bundler.js
- /Users/xiaofushan/Desktop/Chrysalis/node_modules/next/dist/server/lib/router-server.js
- /Users/xiaofushan/Desktop/Chrysalis/node_modules/next/dist/server/lib/start-server.js
Generated code for /Users/xiaofushan/Desktop/Chrysalis/node_modules/next/dist/build/webpack/loaders/css-loader/src/index.js??ruleSet[1].rules[14].oneOf[12].use[2]!/Users/xiaofushan/Desktop/Chrysalis/node_modules/next/dist/build/webpack/loaders/postcss-loader/src/index.js??ruleSet[1].rules[14].oneOf[12].use[3]!/Users/xiaofushan/Desktop/Chrysalis/app/globals.css

Import trace for requested module:
./app/globals.css @ webpack-internal:///./node_modules/next/dist/client/components/react-dev-overlay/internal/helpers/hydration-error-info.js:62
[ 2263464ms] [ERROR] WebSocket connection to 'ws://127.0.0.1:3000/_next/webpack-hmr' failed: Error in connection establishment: net::ERR_CONNECTION_REFUSED @ webpack-internal:///./node_modules/next/dist/client/components/react-dev-overlay/pages/websocket.js:63
[ 2264469ms] [ERROR] WebSocket connection to 'ws://127.0.0.1:3000/_next/webpack-hmr' failed: Error in connection establishment: net::ERR_CONNECTION_REFUSED @ webpack-internal:///./node_modules/next/dist/client/components/react-dev-overlay/pages/websocket.js:63
[ 2265478ms] [ERROR] WebSocket connection to 'ws://127.0.0.1:3000/_next/webpack-hmr' failed: Error in connection establishment: net::ERR_CONNECTION_REFUSED @ webpack-internal:///./node_modules/next/dist/client/components/react-dev-overlay/pages/websocket.js:63
[ 2266483ms] [ERROR] WebSocket connection to 'ws://127.0.0.1:3000/_next/webpack-hmr' failed: Error in connection establishment: net::ERR_CONNECTION_REFUSED @ webpack-internal:///./node_modules/next/dist/client/components/react-dev-overlay/pages/websocket.js:63
[ 2267491ms] [ERROR] WebSocket connection to 'ws://127.0.0.1:3000/_next/webpack-hmr' failed: Error in connection establishment: net::ERR_CONNECTION_REFUSED @ webpack-internal:///./node_modules/next/dist/client/components/react-dev-overlay/pages/websocket.js:63
[ 2272499ms] [ERROR] WebSocket connection to 'ws://127.0.0.1:3000/_next/webpack-hmr' failed: Error in connection establishment: net::ERR_CONNECTION_REFUSED @ webpack-internal:///./node_modules/next/dist/client/components/react-dev-overlay/pages/websocket.js:63
[ 2277511ms] [ERROR] WebSocket connection to 'ws://127.0.0.1:3000/_next/webpack-hmr' failed: Error in connection establishment: net::ERR_CONNECTION_REFUSED @ webpack-internal:///./node_modules/next/dist/client/components/react-dev-overlay/pages/websocket.js:63
[ 2282543ms] [ERROR] WebSocket connection to 'ws://127.0.0.1:3000/_next/webpack-hmr' failed: Error in connection establishment: net::ERR_CONNECTION_REFUSED @ webpack-internal:///./node_modules/next/dist/client/components/react-dev-overlay/pages/websocket.js:63
[ 2287591ms] [ERROR] WebSocket connection to 'ws://127.0.0.1:3000/_next/webpack-hmr' failed: Error in connection establishment: net::ERR_CONNECTION_REFUSED @ webpack-internal:///./node_modules/next/dist/client/components/react-dev-overlay/pages/websocket.js:63
[ 2292673ms] [ERROR] WebSocket connection to 'ws://127.0.0.1:3000/_next/webpack-hmr' failed: Error in connection establishment: net::ERR_CONNECTION_REFUSED @ webpack-internal:///./node_modules/next/dist/client/components/react-dev-overlay/pages/websocket.js:63
[ 2297839ms] [ERROR] WebSocket connection to 'ws://127.0.0.1:3000/_next/webpack-hmr' failed: Error in connection establishment: net::ERR_CONNECTION_REFUSED @ webpack-internal:///./node_modules/next/dist/client/components/react-dev-overlay/pages/websocket.js:63
[ 2303071ms] [ERROR] WebSocket connection to 'ws://127.0.0.1:3000/_next/webpack-hmr' failed: Error in connection establishment: net::ERR_CONNECTION_REFUSED @ webpack-internal:///./node_modules/next/dist/client/components/react-dev-overlay/pages/websocket.js:63
[ 2308641ms] [ERROR] WebSocket connection to 'ws://127.0.0.1:3000/_next/webpack-hmr' failed: Error in connection establishment: net::ERR_CONNECTION_REFUSED @ webpack-internal:///./node_modules/next/dist/client/components/react-dev-overlay/pages/websocket.js:63
[ 2314520ms] [ERROR] WebSocket connection to 'ws://127.0.0.1:3000/_next/webpack-hmr' failed: Error in connection establishment: net::ERR_CONNECTION_REFUSED @ webpack-internal:///./node_modules/next/dist/client/components/react-dev-overlay/pages/websocket.js:63
[ 2321879ms] [ERROR] WebSocket connection to 'ws://127.0.0.1:3000/_next/webpack-hmr' failed: Error in connection establishment: net::ERR_CONNECTION_REFUSED @ webpack-internal:///./node_modules/next/dist/client/components/react-dev-overlay/pages/websocket.js:63
[ 2328769ms] [ERROR] WebSocket connection to 'ws://127.0.0.1:3000/_next/webpack-hmr' failed: Error in connection establishment: net::ERR_CONNECTION_REFUSED @ webpack-internal:///./node_modules/next/dist/client/components/react-dev-overlay/pages/websocket.js:63
[ 2337303ms] [ERROR] WebSocket connection to 'ws://127.0.0.1:3000/_next/webpack-hmr' failed: Error in connection establishment: net::ERR_CONNECTION_REFUSED @ webpack-internal:///./node_modules/next/dist/client/components/react-dev-overlay/pages/websocket.js:63
[ 2346078ms] [ERROR] WebSocket connection to 'ws://127.0.0.1:3000/_next/webpack-hmr' failed: Error in connection establishment: net::ERR_CONNECTION_REFUSED @ webpack-internal:///./node_modules/next/dist/client/components/react-dev-overlay/pages/websocket.js:63
[ 2354090ms] [ERROR] WebSocket connection to 'ws://127.0.0.1:3000/_next/webpack-hmr' failed: Error in connection establishment: net::ERR_CONNECTION_REFUSED @ webpack-internal:///./node_modules/next/dist/client/components/react-dev-overlay/pages/websocket.js:63
[ 2363550ms] [ERROR] WebSocket connection to 'ws://127.0.0.1:3000/_next/webpack-hmr' failed: Error in connection establishment: net::ERR_CONNECTION_REFUSED @ webpack-internal:///./node_modules/next/dist/client/components/react-dev-overlay/pages/websocket.js:63
[ 2372201ms] [ERROR] WebSocket connection to 'ws://127.0.0.1:3000/_next/webpack-hmr' failed: Error in connection establishment: net::ERR_CONNECTION_REFUSED @ webpack-internal:///./node_modules/next/dist/client/components/react-dev-overlay/pages/websocket.js:63
[ 2379068ms] [ERROR] WebSocket connection to 'ws://127.0.0.1:3000/_next/webpack-hmr' failed: Error in connection establishment: net::ERR_CONNECTION_REFUSED @ webpack-internal:///./node_modules/next/dist/client/components/react-dev-overlay/pages/websocket.js:63
[ 2384075ms] [ERROR] WebSocket connection to 'ws://127.0.0.1:3000/_next/webpack-hmr' failed: Error in connection establishment: net::ERR_CONNECTION_REFUSED @ webpack-internal:///./node_modules/next/dist/client/components/react-dev-overlay/pages/websocket.js:63
[ 2389079ms] [ERROR] WebSocket connection to 'ws://127.0.0.1:3000/_next/webpack-hmr' failed: Error in connection establishment: net::ERR_CONNECTION_REFUSED @ webpack-internal:///./node_modules/next/dist/client/components/react-dev-overlay/pages/websocket.js:63
[ 2394088ms] [ERROR] WebSocket connection to 'ws://127.0.0.1:3000/_next/webpack-hmr' failed: Error in connection establishment: net::ERR_CONNECTION_REFUSED @ webpack-internal:///./node_modules/next/dist/client/components/react-dev-overlay/pages/websocket.js:63
